<?xml version="1.0" encoding="UTF-8"?>
<testsuite name="NumbersTest" tests="1" skipped="0" failures="0" errors="0" timestamp="2023-01-20T19:23:57" hostname="LAPTOP-S0CKKHT9" time="0.828">
  <properties/>
  <testcase name="start" classname="NumbersTest" time="0.828"/>
  <system-out><![CDATA[?[1;31m
Start test 1?[0m
Welcome to Amazing Numbers!

Supported requests:
- enter a natural number to know its properties;
- enter two natural numbers to obtain the properties of the list:
  * the first parameter represents a starting number;
  * the second parameter shows how many consecutive numbers are to be processed;
- separate the parameters with one space;
- enter 0 to exit.

Enter a request:> 0

?[1;31m
Start test 2?[0m
Welcome to Amazing Numbers!

Supported requests:
- enter a natural number to know its properties;
- enter two natural numbers to obtain the properties of the list:
  * the first parameter represents a starting number;
  * the second parameter shows how many consecutive numbers are to be processed;
- separate the parameters with one space;
- enter 0 to exit.

Enter a request:> -9

The first parameter should be a natural number or zero.



Enter a request:> 0

?[1;31m
Start test 3?[0m
Welcome to Amazing Numbers!

Supported requests:
- enter a natural number to know its properties;
- enter two natural numbers to obtain the properties of the list:
  * the first parameter represents a starting number;
  * the second parameter shows how many consecutive numbers are to be processed;
- separate the parameters with one space;
- enter 0 to exit.

Enter a request:> -2

The first parameter should be a natural number or zero.



Enter a request:> 0

?[1;31m
Start test 4?[0m
Welcome to Amazing Numbers!

Supported requests:
- enter a natural number to know its properties;
- enter two natural numbers to obtain the properties of the list:
  * the first parameter represents a starting number;
  * the second parameter shows how many consecutive numbers are to be processed;
- separate the parameters with one space;
- enter 0 to exit.

Enter a request:> -85

The first parameter should be a natural number or zero.



Enter a request:> 0

?[1;31m
Start test 5?[0m
Welcome to Amazing Numbers!

Supported requests:
- enter a natural number to know its properties;
- enter two natural numbers to obtain the properties of the list:
  * the first parameter represents a starting number;
  * the second parameter shows how many consecutive numbers are to be processed;
- separate the parameters with one space;
- enter 0 to exit.

Enter a request:> -87

The first parameter should be a natural number or zero.



Enter a request:> 0

?[1;31m
Start test 6?[0m
Welcome to Amazing Numbers!

Supported requests:
- enter a natural number to know its properties;
- enter two natural numbers to obtain the properties of the list:
  * the first parameter represents a starting number;
  * the second parameter shows how many consecutive numbers are to be processed;
- separate the parameters with one space;
- enter 0 to exit.

Enter a request:> -126

The first parameter should be a natural number or zero.



Enter a request:> 0

?[1;31m
Start test 7?[0m
Welcome to Amazing Numbers!

Supported requests:
- enter a natural number to know its properties;
- enter two natural numbers to obtain the properties of the list:
  * the first parameter represents a starting number;
  * the second parameter shows how many consecutive numbers are to be processed;
- separate the parameters with one space;
- enter 0 to exit.

Enter a request:> 27465 -10854

second parameter should be a natural number



Enter a request:> 0

?[1;31m
Start test 8?[0m
Welcome to Amazing Numbers!

Supported requests:
- enter a natural number to know its properties;
- enter two natural numbers to obtain the properties of the list:
  * the first parameter represents a starting number;
  * the second parameter shows how many consecutive numbers are to be processed;
- separate the parameters with one space;
- enter 0 to exit.

Enter a request:> 23729 -16792

second parameter should be a natural number



Enter a request:> 0

?[1;31m
Start test 9?[0m
Welcome to Amazing Numbers!

Supported requests:
- enter a natural number to know its properties;
- enter two natural numbers to obtain the properties of the list:
  * the first parameter represents a starting number;
  * the second parameter shows how many consecutive numbers are to be processed;
- separate the parameters with one space;
- enter 0 to exit.

Enter a request:> 12133 -11506

second parameter should be a natural number



Enter a request:> 0

?[1;31m
Start test 10?[0m
Welcome to Amazing Numbers!

Supported requests:
- enter a natural number to know its properties;
- enter two natural numbers to obtain the properties of the list:
  * the first parameter represents a starting number;
  * the second parameter shows how many consecutive numbers are to be processed;
- separate the parameters with one space;
- enter 0 to exit.

Enter a request:> 5341 -11989

second parameter should be a natural number



Enter a request:> 0

?[1;31m
Start test 11?[0m
Welcome to Amazing Numbers!

Supported requests:
- enter a natural number to know its properties;
- enter two natural numbers to obtain the properties of the list:
  * the first parameter represents a starting number;
  * the second parameter shows how many consecutive numbers are to be processed;
- separate the parameters with one space;
- enter 0 to exit.

Enter a request:> 32450 -13970

second parameter should be a natural number



Enter a request:> 0

?[1;31m
Start test 12?[0m
Welcome to Amazing Numbers!

Supported requests:
- enter a natural number to know its properties;
- enter two natural numbers to obtain the properties of the list:
  * the first parameter represents a starting number;
  * the second parameter shows how many consecutive numbers are to be processed;
- separate the parameters with one space;
- enter 0 to exit.

Enter a request:> 6127 -30472

second parameter should be a natural number



Enter a request:> 0

?[1;31m
Start test 13?[0m
Welcome to Amazing Numbers!

Supported requests:
- enter a natural number to know its properties;
- enter two natural numbers to obtain the properties of the list:
  * the first parameter represents a starting number;
  * the second parameter shows how many consecutive numbers are to be processed;
- separate the parameters with one space;
- enter 0 to exit.

Enter a request:> 24756 -9620

second parameter should be a natural number



Enter a request:> 0

?[1;31m
Start test 14?[0m
Welcome to Amazing Numbers!

Supported requests:
- enter a natural number to know its properties;
- enter two natural numbers to obtain the properties of the list:
  * the first parameter represents a starting number;
  * the second parameter shows how many consecutive numbers are to be processed;
- separate the parameters with one space;
- enter 0 to exit.

Enter a request:> 19529 -17565

second parameter should be a natural number



Enter a request:> 0

?[1;31m
Start test 15?[0m
Welcome to Amazing Numbers!

Supported requests:
- enter a natural number to know its properties;
- enter two natural numbers to obtain the properties of the list:
  * the first parameter represents a starting number;
  * the second parameter shows how many consecutive numbers are to be processed;
- separate the parameters with one space;
- enter 0 to exit.

Enter a request:> 13285 -3104

second parameter should be a natural number



Enter a request:> 0

?[1;31m
Start test 16?[0m
Welcome to Amazing Numbers!

Supported requests:
- enter a natural number to know its properties;
- enter two natural numbers to obtain the properties of the list:
  * the first parameter represents a starting number;
  * the second parameter shows how many consecutive numbers are to be processed;
- separate the parameters with one space;
- enter 0 to exit.

Enter a request:> 30338 -7224

second parameter should be a natural number



Enter a request:> 0

?[1;31m
Start test 17?[0m
Welcome to Amazing Numbers!

Supported requests:
- enter a natural number to know its properties;
- enter two natural numbers to obtain the properties of the list:
  * the first parameter represents a starting number;
  * the second parameter shows how many consecutive numbers are to be processed;
- separate the parameters with one space;
- enter 0 to exit.

Enter a request:> 1

Properties of 1
            buzz: false
            duck: false
     palindromic: true
          gapful: false
            even: false
             odd: true

Enter a request:> 2

Properties of 2
            buzz: false
            duck: false
     palindromic: true
          gapful: false
            even: true
             odd: false

Enter a request:> 3

Properties of 3
            buzz: false
            duck: false
     palindromic: true
          gapful: false
            even: false
             odd: true

Enter a request:> 4

Properties of 4
            buzz: false
            duck: false
     palindromic: true
          gapful: false
            even: true
             odd: false

Enter a request:> 5

Properties of 5
            buzz: false
            duck: false
     palindromic: true
          gapful: false
            even: false
             odd: true

Enter a request:> 6

Properties of 6
            buzz: false
            duck: false
     palindromic: true
          gapful: false
            even: true
             odd: false

Enter a request:> 7

Properties of 7
            buzz: true
            duck: false
     palindromic: true
          gapful: false
            even: false
             odd: true

Enter a request:> 8

Properties of 8
            buzz: false
            duck: false
     palindromic: true
          gapful: false
            even: true
             odd: false

Enter a request:> 9

Properties of 9
            buzz: false
            duck: false
     palindromic: true
          gapful: false
            even: false
             odd: true

Enter a request:> 10

Properties of 10
            buzz: false
            duck: true
     palindromic: false
          gapful: false
            even: true
             odd: false

Enter a request:> 11

Properties of 11
            buzz: false
            duck: false
     palindromic: true
          gapful: false
            even: false
             odd: true

Enter a request:> 12

Properties of 12
            buzz: false
            duck: false
     palindromic: false
          gapful: false
            even: true
             odd: false

Enter a request:> 13

Properties of 13
            buzz: false
            duck: false
     palindromic: false
          gapful: false
            even: false
             odd: true

Enter a request:> 14

Properties of 14
            buzz: true
            duck: false
     palindromic: false
          gapful: false
            even: true
             odd: false

Enter a request:> 7194517435121693333

Properties of 7,194,517,435,121,693,333
            buzz: false
            duck: false
     palindromic: false
          gapful: false
            even: false
             odd: true

Enter a request:> 545021910088418753

Properties of 545,021,910,088,418,753
            buzz: false
            duck: true
     palindromic: false
          gapful: false
            even: false
             odd: true

Enter a request:> 5969604857881468547

Properties of 5,969,604,857,881,468,547
            buzz: true
            duck: true
     palindromic: false
          gapful: false
            even: false
             odd: true

Enter a request:> 9196997019788165767

Properties of 9,196,997,019,788,165,767
            buzz: true
            duck: true
     palindromic: false
          gapful: false
            even: false
             odd: true

Enter a request:> 2718573133270933692

Properties of 2,718,573,133,270,933,692
            buzz: false
            duck: true
     palindromic: false
          gapful: false
            even: true
             odd: false

Enter a request:> 3646641493677152351

Properties of 3,646,641,493,677,152,351
            buzz: false
            duck: false
     palindromic: false
          gapful: true
            even: false
             odd: true

Enter a request:> 5999147129252549758

Properties of 5,999,147,129,252,549,758
            buzz: false
            duck: false
     palindromic: false
          gapful: false
            even: true
             odd: false

Enter a request:> 7056085228672560004

Properties of 7,056,085,228,672,560,004
            buzz: false
            duck: true
     palindromic: false
          gapful: false
            even: true
             odd: false

Enter a request:> 4145224439294004888

Properties of 4,145,224,439,294,004,888
            buzz: false
            duck: true
     palindromic: false
          gapful: false
            even: true
             odd: false

Enter a request:> 5337129110021545354

Properties of 5,337,129,110,021,545,354
            buzz: true
            duck: true
     palindromic: false
          gapful: false
            even: true
             odd: false

Enter a request:> 0

?[1;31m
Start test 18?[0m
Welcome to Amazing Numbers!

Supported requests:
- enter a natural number to know its properties;
- enter two natural numbers to obtain the properties of the list:
  * the first parameter represents a starting number;
  * the second parameter shows how many consecutive numbers are to be processed;
- separate the parameters with one space;
- enter 0 to exit.

Enter a request:> 1 15

               1 is palindromic, odd
               2 is palindromic, even
               3 is palindromic, odd
               4 is palindromic, even
               5 is palindromic, odd
               6 is palindromic, even
               7 is buzz, palindromic, odd
               8 is palindromic, even
               9 is palindromic, odd
              10 is duck, even
              11 is palindromic, odd
              12 is even
              13 is odd
              14 is buzz, even
              15 is odd

Enter a request:> 0

?[1;31m
Start test 19?[0m
Welcome to Amazing Numbers!

Supported requests:
- enter a natural number to know its properties;
- enter two natural numbers to obtain the properties of the list:
  * the first parameter represents a starting number;
  * the second parameter shows how many consecutive numbers are to be processed;
- separate the parameters with one space;
- enter 0 to exit.

Enter a request:> 649082919890390103 10

649,082,919,890,390,103 is duck, odd
649,082,919,890,390,104 is buzz, duck, even
649,082,919,890,390,105 is duck, odd
649,082,919,890,390,106 is duck, gapful, even
649,082,919,890,390,107 is buzz, duck, odd
649,082,919,890,390,108 is duck, even
649,082,919,890,390,109 is duck, gapful, odd
649,082,919,890,390,110 is duck, even
649,082,919,890,390,111 is buzz, duck, odd
649,082,919,890,390,112 is duck, even

Enter a request:> 0

?[1;31m
Start test 20?[0m
Welcome to Amazing Numbers!

Supported requests:
- enter a natural number to know its properties;
- enter two natural numbers to obtain the properties of the list:
  * the first parameter represents a starting number;
  * the second parameter shows how many consecutive numbers are to be processed;
- separate the parameters with one space;
- enter 0 to exit.

Enter a request:> 7346306114811118862 10

7,346,306,114,811,118,862 is duck, even
7,346,306,114,811,118,863 is duck, odd
7,346,306,114,811,118,864 is duck, even
7,346,306,114,811,118,865 is duck, odd
7,346,306,114,811,118,866 is duck, even
7,346,306,114,811,118,867 is buzz, duck, odd
7,346,306,114,811,118,868 is buzz, duck, even
7,346,306,114,811,118,869 is duck, odd
7,346,306,114,811,118,870 is duck, even
7,346,306,114,811,118,871 is duck, odd

Enter a request:> 0

?[1;31m
Start test 21?[0m
Welcome to Amazing Numbers!

Supported requests:
- enter a natural number to know its properties;
- enter two natural numbers to obtain the properties of the list:
  * the first parameter represents a starting number;
  * the second parameter shows how many consecutive numbers are to be processed;
- separate the parameters with one space;
- enter 0 to exit.

Enter a request:> 3136484648491533518 12

3,136,484,648,491,533,518 is even
3,136,484,648,491,533,519 is odd
3,136,484,648,491,533,520 is duck, even
3,136,484,648,491,533,521 is buzz, odd
3,136,484,648,491,533,522 is even
3,136,484,648,491,533,523 is odd
3,136,484,648,491,533,524 is even
3,136,484,648,491,533,525 is odd
3,136,484,648,491,533,526 is even
3,136,484,648,491,533,527 is buzz, odd
3,136,484,648,491,533,528 is buzz, even
3,136,484,648,491,533,529 is odd

Enter a request:> 0

?[1;31m
Start test 22?[0m
Welcome to Amazing Numbers!

Supported requests:
- enter a natural number to know its properties;
- enter two natural numbers to obtain the properties of the list:
  * the first parameter represents a starting number;
  * the second parameter shows how many consecutive numbers are to be processed;
- separate the parameters with one space;
- enter 0 to exit.

Enter a request:> 8788544256544925360 18

8,788,544,256,544,925,360 is duck, gapful, even
8,788,544,256,544,925,361 is odd
8,788,544,256,544,925,362 is buzz, even
8,788,544,256,544,925,363 is odd
8,788,544,256,544,925,364 is even
8,788,544,256,544,925,365 is odd
8,788,544,256,544,925,366 is even
8,788,544,256,544,925,367 is buzz, odd
8,788,544,256,544,925,368 is even
8,788,544,256,544,925,369 is buzz, odd
8,788,544,256,544,925,370 is duck, even
8,788,544,256,544,925,371 is odd
8,788,544,256,544,925,372 is even
8,788,544,256,544,925,373 is odd
8,788,544,256,544,925,374 is even
8,788,544,256,544,925,375 is odd
8,788,544,256,544,925,376 is buzz, even
8,788,544,256,544,925,377 is buzz, odd

Enter a request:> 0

?[1;31m
Start test 23?[0m
Welcome to Amazing Numbers!

Supported requests:
- enter a natural number to know its properties;
- enter two natural numbers to obtain the properties of the list:
  * the first parameter represents a starting number;
  * the second parameter shows how many consecutive numbers are to be processed;
- separate the parameters with one space;
- enter 0 to exit.

Enter a request:> 4625148970708417555 12

4,625,148,970,708,417,555 is duck, odd
4,625,148,970,708,417,556 is duck, even
4,625,148,970,708,417,557 is buzz, duck, odd
4,625,148,970,708,417,558 is duck, even
4,625,148,970,708,417,559 is duck, odd
4,625,148,970,708,417,560 is duck, gapful, even
4,625,148,970,708,417,561 is duck, odd
4,625,148,970,708,417,562 is duck, even
4,625,148,970,708,417,563 is duck, odd
4,625,148,970,708,417,564 is buzz, duck, even
4,625,148,970,708,417,565 is duck, odd
4,625,148,970,708,417,566 is duck, even

Enter a request:> 0

?[1;31m
Start test 24?[0m
Welcome to Amazing Numbers!

Supported requests:
- enter a natural number to know its properties;
- enter two natural numbers to obtain the properties of the list:
  * the first parameter represents a starting number;
  * the second parameter shows how many consecutive numbers are to be processed;
- separate the parameters with one space;
- enter 0 to exit.

Enter a request:> 2128900597327584974 4

2,128,900,597,327,584,974 is duck, even
2,128,900,597,327,584,975 is duck, gapful, odd
2,128,900,597,327,584,976 is buzz, duck, even
2,128,900,597,327,584,977 is buzz, duck, odd

Enter a request:> 0

?[1;31m
Start test 25?[0m
Welcome to Amazing Numbers!

Supported requests:
- enter a natural number to know its properties;
- enter two natural numbers to obtain the properties of the list:
  * the first parameter represents a starting number;
  * the second parameter shows how many consecutive numbers are to be processed;
- separate the parameters with one space;
- enter 0 to exit.

Enter a request:> 4005646035481595474 5

4,005,646,035,481,595,474 is duck, even
4,005,646,035,481,595,475 is duck, gapful, odd
4,005,646,035,481,595,476 is duck, even
4,005,646,035,481,595,477 is buzz, duck, odd
4,005,646,035,481,595,478 is duck, even

Enter a request:> 0

?[1;31m
Start test 26?[0m
Welcome to Amazing Numbers!

Supported requests:
- enter a natural number to know its properties;
- enter two natural numbers to obtain the properties of the list:
  * the first parameter represents a starting number;
  * the second parameter shows how many consecutive numbers are to be processed;
- separate the parameters with one space;
- enter 0 to exit.

Enter a request:> 1658441530960200446 13

1,658,441,530,960,200,446 is duck, even
1,658,441,530,960,200,447 is buzz, duck, odd
1,658,441,530,960,200,448 is buzz, duck, even
1,658,441,530,960,200,449 is duck, odd
1,658,441,530,960,200,450 is duck, gapful, even
1,658,441,530,960,200,451 is duck, odd
1,658,441,530,960,200,452 is duck, even
1,658,441,530,960,200,453 is duck, odd
1,658,441,530,960,200,454 is duck, even
1,658,441,530,960,200,455 is buzz, duck, odd
1,658,441,530,960,200,456 is duck, even
1,658,441,530,960,200,457 is buzz, duck, odd
1,658,441,530,960,200,458 is duck, even

Enter a request:> 0

?[1;31m
Start test 27?[0m
Welcome to Amazing Numbers!

Supported requests:
- enter a natural number to know its properties;
- enter two natural numbers to obtain the properties of the list:
  * the first parameter represents a starting number;
  * the second parameter shows how many consecutive numbers are to be processed;
- separate the parameters with one space;
- enter 0 to exit.

Enter a request:> 8151197697818176371 8

8,151,197,697,818,176,371 is odd
8,151,197,697,818,176,372 is buzz, even
8,151,197,697,818,176,373 is odd
8,151,197,697,818,176,374 is even
8,151,197,697,818,176,375 is odd
8,151,197,697,818,176,376 is even
8,151,197,697,818,176,377 is buzz, odd
8,151,197,697,818,176,378 is even

Enter a request:> 0

?[1;31m
Start test 28?[0m
Welcome to Amazing Numbers!

Supported requests:
- enter a natural number to know its properties;
- enter two natural numbers to obtain the properties of the list:
  * the first parameter represents a starting number;
  * the second parameter shows how many consecutive numbers are to be processed;
- separate the parameters with one space;
- enter 0 to exit.

Enter a request:> 2141870072943903328 5

2,141,870,072,943,903,328 is duck, even
2,141,870,072,943,903,329 is duck, odd
2,141,870,072,943,903,330 is buzz, duck, even
2,141,870,072,943,903,331 is duck, odd
2,141,870,072,943,903,332 is duck, even

Enter a request:> 0

]]></system-out>
  <system-err><![CDATA[]]></system-err>
</testsuite>
