<?xml version="1.0" encoding="UTF-8"?>
<testsuite name="NumbersTest" tests="1" skipped="0" failures="0" errors="0" timestamp="2023-01-16T11:45:25" hostname="DESKTOP-3SBI11A" time="0.355">
  <properties/>
  <testcase name="start" classname="NumbersTest" time="0.355"/>
  <system-out><![CDATA[?[1;31m
Start test 1?[0m
Enter a natural number:
> 0
This number is not natural!
This number is Even.
It is a Buzz number.
Explanation:
0 is divisible by 7.
?[1;31m
Start test 2?[0m
Enter a natural number:
> -1
This number is not natural!
This number is Even.
It is a Buzz number.
Explanation:
0 is divisible by 7.
?[1;31m
Start test 3?[0m
Enter a natural number:
> -2
This number is not natural!
This number is Even.
It is a Buzz number.
Explanation:
0 is divisible by 7.
?[1;31m
Start test 4?[0m
Enter a natural number:
> -3
This number is not natural!
This number is Even.
It is a Buzz number.
Explanation:
0 is divisible by 7.
?[1;31m
Start test 5?[0m
Enter a natural number:
> -4
This number is not natural!
This number is Even.
It is a Buzz number.
Explanation:
0 is divisible by 7.
?[1;31m
Start test 6?[0m
Enter a natural number:
> -5
This number is not natural!
This number is Even.
It is a Buzz number.
Explanation:
0 is divisible by 7.
?[1;31m
Start test 7?[0m
Enter a natural number:
> 1
This number is Odd.
It is not a Buzz number.
Explanation:
1 is neither divisible by 7 nor does it end with 7.
?[1;31m
Start test 8?[0m
Enter a natural number:
> 2
This number is Even.
It is not a Buzz number.
Explanation:
2 is neither divisible by 7 nor does it end with 7.
?[1;31m
Start test 9?[0m
Enter a natural number:
> 3
This number is Odd.
It is not a Buzz number.
Explanation:
3 is neither divisible by 7 nor does it end with 7.
?[1;31m
Start test 10?[0m
Enter a natural number:
> 4
This number is Even.
It is not a Buzz number.
Explanation:
4 is neither divisible by 7 nor does it end with 7.
?[1;31m
Start test 11?[0m
Enter a natural number:
> 5
This number is Odd.
It is not a Buzz number.
Explanation:
5 is neither divisible by 7 nor does it end with 7.
?[1;31m
Start test 12?[0m
Enter a natural number:
> 6
This number is Even.
It is not a Buzz number.
Explanation:
6 is neither divisible by 7 nor does it end with 7.
?[1;31m
Start test 13?[0m
Enter a natural number:
> 7
This number is Odd.
It is a Buzz number.
Explanation:
7 is divisible by 7 and ends with 7.
?[1;31m
Start test 14?[0m
Enter a natural number:
> 8
This number is Even.
It is not a Buzz number.
Explanation:
8 is neither divisible by 7 nor does it end with 7.
?[1;31m
Start test 15?[0m
Enter a natural number:
> 9
This number is Odd.
It is not a Buzz number.
Explanation:
9 is neither divisible by 7 nor does it end with 7.
?[1;31m
Start test 16?[0m
Enter a natural number:
> 10
This number is Even.
It is not a Buzz number.
Explanation:
10 is neither divisible by 7 nor does it end with 7.
?[1;31m
Start test 17?[0m
Enter a natural number:
> 11
This number is Odd.
It is not a Buzz number.
Explanation:
11 is neither divisible by 7 nor does it end with 7.
?[1;31m
Start test 18?[0m
Enter a natural number:
> 12
This number is Even.
It is not a Buzz number.
Explanation:
12 is neither divisible by 7 nor does it end with 7.
?[1;31m
Start test 19?[0m
Enter a natural number:
> 13
This number is Odd.
It is not a Buzz number.
Explanation:
13 is neither divisible by 7 nor does it end with 7.
?[1;31m
Start test 20?[0m
Enter a natural number:
> 14
This number is Even.
It is a Buzz number.
Explanation:
14 is divisible by 7.
?[1;31m
Start test 21?[0m
Enter a natural number:
> 4711
This number is Odd.
It is a Buzz number.
Explanation:
4711 is divisible by 7.
?[1;31m
Start test 22?[0m
Enter a natural number:
> 17406
This number is Even.
It is not a Buzz number.
Explanation:
17406 is neither divisible by 7 nor does it end with 7.
?[1;31m
Start test 23?[0m
Enter a natural number:
> 1273
This number is Odd.
It is not a Buzz number.
Explanation:
1273 is neither divisible by 7 nor does it end with 7.
?[1;31m
Start test 24?[0m
Enter a natural number:
> 18318
This number is Even.
It is not a Buzz number.
Explanation:
18318 is neither divisible by 7 nor does it end with 7.
?[1;31m
Start test 25?[0m
Enter a natural number:
> 13450
This number is Even.
It is not a Buzz number.
Explanation:
13450 is neither divisible by 7 nor does it end with 7.
?[1;31m
Start test 26?[0m
Enter a natural number:
> 12062
This number is Even.
It is not a Buzz number.
Explanation:
12062 is neither divisible by 7 nor does it end with 7.
?[1;31m
Start test 27?[0m
Enter a natural number:
> 5944
This number is Even.
It is not a Buzz number.
Explanation:
5944 is neither divisible by 7 nor does it end with 7.
?[1;31m
Start test 28?[0m
Enter a natural number:
> 18390
This number is Even.
It is not a Buzz number.
Explanation:
18390 is neither divisible by 7 nor does it end with 7.
?[1;31m
Start test 29?[0m
Enter a natural number:
> 18136
This number is Even.
It is not a Buzz number.
Explanation:
18136 is neither divisible by 7 nor does it end with 7.
?[1;31m
Start test 30?[0m
Enter a natural number:
> 8382
This number is Even.
It is not a Buzz number.
Explanation:
8382 is neither divisible by 7 nor does it end with 7.
?[1;31m
Start test 31?[0m
Enter a natural number:
> 24892
This number is Even.
It is a Buzz number.
Explanation:
24892 is divisible by 7.
?[1;31m
Start test 32?[0m
Enter a natural number:
> 24738
This number is Even.
It is a Buzz number.
Explanation:
24738 is divisible by 7.
?[1;31m
Start test 33?[0m
Enter a natural number:
> 8047
This number is Odd.
It is a Buzz number.
Explanation:
8047 ends with 7.
?[1;31m
Start test 34?[0m
Enter a natural number:
> 2657
This number is Odd.
It is a Buzz number.
Explanation:
2657 ends with 7.
?[1;31m
Start test 35?[0m
Enter a natural number:
> 11184
This number is Even.
It is not a Buzz number.
Explanation:
11184 is neither divisible by 7 nor does it end with 7.
?[1;31m
Start test 36?[0m
Enter a natural number:
> 20278
This number is Even.
It is not a Buzz number.
Explanation:
20278 is neither divisible by 7 nor does it end with 7.
?[1;31m
Start test 37?[0m
Enter a natural number:
> 16936
This number is Even.
It is not a Buzz number.
Explanation:
16936 is neither divisible by 7 nor does it end with 7.
?[1;31m
Start test 38?[0m
Enter a natural number:
> 14048
This number is Even.
It is not a Buzz number.
Explanation:
14048 is neither divisible by 7 nor does it end with 7.
?[1;31m
Start test 39?[0m
Enter a natural number:
> 13223
This number is Odd.
It is a Buzz number.
Explanation:
13223 is divisible by 7.
?[1;31m
Start test 40?[0m
Enter a natural number:
> 3661
This number is Odd.
It is a Buzz number.
Explanation:
3661 is divisible by 7.
]]></system-out>
  <system-err><![CDATA[]]></system-err>
</testsuite>
