<?xml version="1.0" encoding="UTF-8"?>
<testsuite name="NumbersTest" tests="1" skipped="0" failures="0" errors="0" timestamp="2023-01-20T19:16:30" hostname="LAPTOP-S0CKKHT9" time="0.801">
  <properties/>
  <testcase name="start" classname="NumbersTest" time="0.801"/>
  <system-out><![CDATA[?[1;31m
Start test 1?[0m
Welcome to Amazing Numbers!

Supported requests:
- enter a natural number to know its properties;
- enter two natural numbers to obtain the properties of the list:
  * the first parameter represents a starting number;
  * the second parameter shows how many consecutive numbers are to be processed;
- separate the parameters with one space;
- enter 0 to exit.

Enter a request:> 0

?[1;31m
Start test 2?[0m
Welcome to Amazing Numbers!

Supported requests:
- enter a natural number to know its properties;
- enter two natural numbers to obtain the properties of the list:
  * the first parameter represents a starting number;
  * the second parameter shows how many consecutive numbers are to be processed;
- separate the parameters with one space;
- enter 0 to exit.

Enter a request:> -113

The first parameter should be a natural number or zero.



Enter a request:> 0

?[1;31m
Start test 3?[0m
Welcome to Amazing Numbers!

Supported requests:
- enter a natural number to know its properties;
- enter two natural numbers to obtain the properties of the list:
  * the first parameter represents a starting number;
  * the second parameter shows how many consecutive numbers are to be processed;
- separate the parameters with one space;
- enter 0 to exit.

Enter a request:> -113

The first parameter should be a natural number or zero.



Enter a request:> 0

?[1;31m
Start test 4?[0m
Welcome to Amazing Numbers!

Supported requests:
- enter a natural number to know its properties;
- enter two natural numbers to obtain the properties of the list:
  * the first parameter represents a starting number;
  * the second parameter shows how many consecutive numbers are to be processed;
- separate the parameters with one space;
- enter 0 to exit.

Enter a request:> -13

The first parameter should be a natural number or zero.



Enter a request:> 0

?[1;31m
Start test 5?[0m
Welcome to Amazing Numbers!

Supported requests:
- enter a natural number to know its properties;
- enter two natural numbers to obtain the properties of the list:
  * the first parameter represents a starting number;
  * the second parameter shows how many consecutive numbers are to be processed;
- separate the parameters with one space;
- enter 0 to exit.

Enter a request:> -31

The first parameter should be a natural number or zero.



Enter a request:> 0

?[1;31m
Start test 6?[0m
Welcome to Amazing Numbers!

Supported requests:
- enter a natural number to know its properties;
- enter two natural numbers to obtain the properties of the list:
  * the first parameter represents a starting number;
  * the second parameter shows how many consecutive numbers are to be processed;
- separate the parameters with one space;
- enter 0 to exit.

Enter a request:> -98

The first parameter should be a natural number or zero.



Enter a request:> 0

?[1;31m
Start test 7?[0m
Welcome to Amazing Numbers!

Supported requests:
- enter a natural number to know its properties;
- enter two natural numbers to obtain the properties of the list:
  * the first parameter represents a starting number;
  * the second parameter shows how many consecutive numbers are to be processed;
- separate the parameters with one space;
- enter 0 to exit.

Enter a request:> 15487 -28007

second parameter should be a natural number



Enter a request:> 0

?[1;31m
Start test 8?[0m
Welcome to Amazing Numbers!

Supported requests:
- enter a natural number to know its properties;
- enter two natural numbers to obtain the properties of the list:
  * the first parameter represents a starting number;
  * the second parameter shows how many consecutive numbers are to be processed;
- separate the parameters with one space;
- enter 0 to exit.

Enter a request:> 7784 -17642

second parameter should be a natural number



Enter a request:> 0

?[1;31m
Start test 9?[0m
Welcome to Amazing Numbers!

Supported requests:
- enter a natural number to know its properties;
- enter two natural numbers to obtain the properties of the list:
  * the first parameter represents a starting number;
  * the second parameter shows how many consecutive numbers are to be processed;
- separate the parameters with one space;
- enter 0 to exit.

Enter a request:> 442 -22

second parameter should be a natural number



Enter a request:> 0

?[1;31m
Start test 10?[0m
Welcome to Amazing Numbers!

Supported requests:
- enter a natural number to know its properties;
- enter two natural numbers to obtain the properties of the list:
  * the first parameter represents a starting number;
  * the second parameter shows how many consecutive numbers are to be processed;
- separate the parameters with one space;
- enter 0 to exit.

Enter a request:> 9971 -15778

second parameter should be a natural number



Enter a request:> 0

?[1;31m
Start test 11?[0m
Welcome to Amazing Numbers!

Supported requests:
- enter a natural number to know its properties;
- enter two natural numbers to obtain the properties of the list:
  * the first parameter represents a starting number;
  * the second parameter shows how many consecutive numbers are to be processed;
- separate the parameters with one space;
- enter 0 to exit.

Enter a request:> 16599 -15913

second parameter should be a natural number



Enter a request:> 0

?[1;31m
Start test 12?[0m
Welcome to Amazing Numbers!

Supported requests:
- enter a natural number to know its properties;
- enter two natural numbers to obtain the properties of the list:
  * the first parameter represents a starting number;
  * the second parameter shows how many consecutive numbers are to be processed;
- separate the parameters with one space;
- enter 0 to exit.

Enter a request:> 5561 -30230

second parameter should be a natural number



Enter a request:> 0

?[1;31m
Start test 13?[0m
Welcome to Amazing Numbers!

Supported requests:
- enter a natural number to know its properties;
- enter two natural numbers to obtain the properties of the list:
  * the first parameter represents a starting number;
  * the second parameter shows how many consecutive numbers are to be processed;
- separate the parameters with one space;
- enter 0 to exit.

Enter a request:> 7131 -4253

second parameter should be a natural number



Enter a request:> 0

?[1;31m
Start test 14?[0m
Welcome to Amazing Numbers!

Supported requests:
- enter a natural number to know its properties;
- enter two natural numbers to obtain the properties of the list:
  * the first parameter represents a starting number;
  * the second parameter shows how many consecutive numbers are to be processed;
- separate the parameters with one space;
- enter 0 to exit.

Enter a request:> 4021 -14884

second parameter should be a natural number



Enter a request:> 0

?[1;31m
Start test 15?[0m
Welcome to Amazing Numbers!

Supported requests:
- enter a natural number to know its properties;
- enter two natural numbers to obtain the properties of the list:
  * the first parameter represents a starting number;
  * the second parameter shows how many consecutive numbers are to be processed;
- separate the parameters with one space;
- enter 0 to exit.

Enter a request:> 30984 -19566

second parameter should be a natural number



Enter a request:> 0

?[1;31m
Start test 16?[0m
Welcome to Amazing Numbers!

Supported requests:
- enter a natural number to know its properties;
- enter two natural numbers to obtain the properties of the list:
  * the first parameter represents a starting number;
  * the second parameter shows how many consecutive numbers are to be processed;
- separate the parameters with one space;
- enter 0 to exit.

Enter a request:> 28551 -27695

second parameter should be a natural number



Enter a request:> 0

?[1;31m
Start test 17?[0m
Welcome to Amazing Numbers!

Supported requests:
- enter a natural number to know its properties;
- enter two natural numbers to obtain the properties of the list:
  * the first parameter represents a starting number;
  * the second parameter shows how many consecutive numbers are to be processed;
- separate the parameters with one space;
- enter 0 to exit.

Enter a request:> 1

Properties of 1
            buzz: false
            duck: false
     palindromic: true
          gapful: false
            even: false
             odd: true

Enter a request:> 2

Properties of 2
            buzz: false
            duck: false
     palindromic: true
          gapful: false
            even: true
             odd: false

Enter a request:> 3

Properties of 3
            buzz: false
            duck: false
     palindromic: true
          gapful: false
            even: false
             odd: true

Enter a request:> 4

Properties of 4
            buzz: false
            duck: false
     palindromic: true
          gapful: false
            even: true
             odd: false

Enter a request:> 5

Properties of 5
            buzz: false
            duck: false
     palindromic: true
          gapful: false
            even: false
             odd: true

Enter a request:> 6

Properties of 6
            buzz: false
            duck: false
     palindromic: true
          gapful: false
            even: true
             odd: false

Enter a request:> 7

Properties of 7
            buzz: true
            duck: false
     palindromic: true
          gapful: false
            even: false
             odd: true

Enter a request:> 8

Properties of 8
            buzz: false
            duck: false
     palindromic: true
          gapful: false
            even: true
             odd: false

Enter a request:> 9

Properties of 9
            buzz: false
            duck: false
     palindromic: true
          gapful: false
            even: false
             odd: true

Enter a request:> 10

Properties of 10
            buzz: false
            duck: true
     palindromic: false
          gapful: false
            even: true
             odd: false

Enter a request:> 11

Properties of 11
            buzz: false
            duck: false
     palindromic: true
          gapful: false
            even: false
             odd: true

Enter a request:> 12

Properties of 12
            buzz: false
            duck: false
     palindromic: false
          gapful: false
            even: true
             odd: false

Enter a request:> 13

Properties of 13
            buzz: false
            duck: false
     palindromic: false
          gapful: false
            even: false
             odd: true

Enter a request:> 14

Properties of 14
            buzz: true
            duck: false
     palindromic: false
          gapful: false
            even: true
             odd: false

Enter a request:> 9201476926649773477

Properties of 9,201,476,926,649,773,477
            buzz: true
            duck: true
     palindromic: false
          gapful: false
            even: false
             odd: true

Enter a request:> 261707508701085787

Properties of 261,707,508,701,085,787
            buzz: true
            duck: true
     palindromic: false
          gapful: false
            even: false
             odd: true

Enter a request:> 6472010699159285389

Properties of 6,472,010,699,159,285,389
            buzz: false
            duck: true
     palindromic: false
          gapful: false
            even: false
             odd: true

Enter a request:> 2295304934840568193

Properties of 2,295,304,934,840,568,193
            buzz: false
            duck: true
     palindromic: false
          gapful: false
            even: false
             odd: true

Enter a request:> 2882226788467707297

Properties of 2,882,226,788,467,707,297
            buzz: true
            duck: true
     palindromic: false
          gapful: false
            even: false
             odd: true

Enter a request:> 6382588376400099391

Properties of 6,382,588,376,400,099,391
            buzz: false
            duck: true
     palindromic: false
          gapful: false
            even: false
             odd: true

Enter a request:> 5917519023838068042

Properties of 5,917,519,023,838,068,042
            buzz: false
            duck: true
     palindromic: false
          gapful: false
            even: true
             odd: false

Enter a request:> 4750760152840342509

Properties of 4,750,760,152,840,342,509
            buzz: false
            duck: true
     palindromic: false
          gapful: false
            even: false
             odd: true

Enter a request:> 2088914095541903090

Properties of 2,088,914,095,541,903,090
            buzz: false
            duck: true
     palindromic: false
          gapful: false
            even: true
             odd: false

Enter a request:> 4802583934205010178

Properties of 4,802,583,934,205,010,178
            buzz: false
            duck: true
     palindromic: false
          gapful: false
            even: true
             odd: false

Enter a request:> 0

?[1;31m
Start test 18?[0m
Welcome to Amazing Numbers!

Supported requests:
- enter a natural number to know its properties;
- enter two natural numbers to obtain the properties of the list:
  * the first parameter represents a starting number;
  * the second parameter shows how many consecutive numbers are to be processed;
- separate the parameters with one space;
- enter 0 to exit.

Enter a request:> 1 15

               1 is palindromic, odd
               2 is palindromic, even
               3 is palindromic, odd
               4 is palindromic, even
               5 is palindromic, odd
               6 is palindromic, even
               7 is buzz, palindromic, odd
               8 is palindromic, even
               9 is palindromic, odd
              10 is duck, even
              11 is palindromic, odd
              12 is even
              13 is odd
              14 is buzz, even
              15 is odd

Enter a request:> 0

?[1;31m
Start test 19?[0m
Welcome to Amazing Numbers!

Supported requests:
- enter a natural number to know its properties;
- enter two natural numbers to obtain the properties of the list:
  * the first parameter represents a starting number;
  * the second parameter shows how many consecutive numbers are to be processed;
- separate the parameters with one space;
- enter 0 to exit.

Enter a request:> 6368504730339037366 4

6,368,504,730,339,037,366 is duck, even
6,368,504,730,339,037,367 is buzz, duck, odd
6,368,504,730,339,037,368 is duck, even
6,368,504,730,339,037,369 is duck, odd

Enter a request:> 0

?[1;31m
Start test 20?[0m
Welcome to Amazing Numbers!

Supported requests:
- enter a natural number to know its properties;
- enter two natural numbers to obtain the properties of the list:
  * the first parameter represents a starting number;
  * the second parameter shows how many consecutive numbers are to be processed;
- separate the parameters with one space;
- enter 0 to exit.

Enter a request:> 6358262389815750532 2

6,358,262,389,815,750,532 is duck, even
6,358,262,389,815,750,533 is buzz, duck, odd

Enter a request:> 0

?[1;31m
Start test 21?[0m
Welcome to Amazing Numbers!

Supported requests:
- enter a natural number to know its properties;
- enter two natural numbers to obtain the properties of the list:
  * the first parameter represents a starting number;
  * the second parameter shows how many consecutive numbers are to be processed;
- separate the parameters with one space;
- enter 0 to exit.

Enter a request:> 7930826543279033896 2

7,930,826,543,279,033,896 is duck, even
7,930,826,543,279,033,897 is buzz, duck, odd

Enter a request:> 0

?[1;31m
Start test 22?[0m
Welcome to Amazing Numbers!

Supported requests:
- enter a natural number to know its properties;
- enter two natural numbers to obtain the properties of the list:
  * the first parameter represents a starting number;
  * the second parameter shows how many consecutive numbers are to be processed;
- separate the parameters with one space;
- enter 0 to exit.

Enter a request:> 3099587368180535862 6

3,099,587,368,180,535,862 is buzz, duck, even
3,099,587,368,180,535,863 is duck, odd
3,099,587,368,180,535,864 is duck, even
3,099,587,368,180,535,865 is duck, odd
3,099,587,368,180,535,866 is duck, even
3,099,587,368,180,535,867 is buzz, duck, odd

Enter a request:> 0

?[1;31m
Start test 23?[0m
Welcome to Amazing Numbers!

Supported requests:
- enter a natural number to know its properties;
- enter two natural numbers to obtain the properties of the list:
  * the first parameter represents a starting number;
  * the second parameter shows how many consecutive numbers are to be processed;
- separate the parameters with one space;
- enter 0 to exit.

Enter a request:> 7422808959612084600 8

7,422,808,959,612,084,600 is duck, even
7,422,808,959,612,084,601 is duck, odd
7,422,808,959,612,084,602 is duck, even
7,422,808,959,612,084,603 is duck, odd
7,422,808,959,612,084,604 is duck, even
7,422,808,959,612,084,605 is buzz, duck, odd
7,422,808,959,612,084,606 is duck, even
7,422,808,959,612,084,607 is buzz, duck, odd

Enter a request:> 0

?[1;31m
Start test 24?[0m
Welcome to Amazing Numbers!

Supported requests:
- enter a natural number to know its properties;
- enter two natural numbers to obtain the properties of the list:
  * the first parameter represents a starting number;
  * the second parameter shows how many consecutive numbers are to be processed;
- separate the parameters with one space;
- enter 0 to exit.

Enter a request:> 8928072414054010212 6

8,928,072,414,054,010,212 is duck, even
8,928,072,414,054,010,213 is duck, odd
8,928,072,414,054,010,214 is duck, even
8,928,072,414,054,010,215 is duck, odd
8,928,072,414,054,010,216 is duck, even
8,928,072,414,054,010,217 is buzz, duck, odd

Enter a request:> 0

?[1;31m
Start test 25?[0m
Welcome to Amazing Numbers!

Supported requests:
- enter a natural number to know its properties;
- enter two natural numbers to obtain the properties of the list:
  * the first parameter represents a starting number;
  * the second parameter shows how many consecutive numbers are to be processed;
- separate the parameters with one space;
- enter 0 to exit.

Enter a request:> 1282551941307204347 6

1,282,551,941,307,204,347 is buzz, duck, odd
1,282,551,941,307,204,348 is duck, even
1,282,551,941,307,204,349 is duck, odd
1,282,551,941,307,204,350 is duck, gapful, even
1,282,551,941,307,204,351 is buzz, duck, odd
1,282,551,941,307,204,352 is duck, even

Enter a request:> 0

?[1;31m
Start test 26?[0m
Welcome to Amazing Numbers!

Supported requests:
- enter a natural number to know its properties;
- enter two natural numbers to obtain the properties of the list:
  * the first parameter represents a starting number;
  * the second parameter shows how many consecutive numbers are to be processed;
- separate the parameters with one space;
- enter 0 to exit.

Enter a request:> 3421859558614257308 11

3,421,859,558,614,257,308 is duck, even
3,421,859,558,614,257,309 is duck, odd
3,421,859,558,614,257,310 is duck, even
3,421,859,558,614,257,311 is odd
3,421,859,558,614,257,312 is gapful, even
3,421,859,558,614,257,313 is buzz, odd
3,421,859,558,614,257,314 is even
3,421,859,558,614,257,315 is odd
3,421,859,558,614,257,316 is even
3,421,859,558,614,257,317 is buzz, odd
3,421,859,558,614,257,318 is even

Enter a request:> 0

?[1;31m
Start test 27?[0m
Welcome to Amazing Numbers!

Supported requests:
- enter a natural number to know its properties;
- enter two natural numbers to obtain the properties of the list:
  * the first parameter represents a starting number;
  * the second parameter shows how many consecutive numbers are to be processed;
- separate the parameters with one space;
- enter 0 to exit.

Enter a request:> 1757781299000809558 5

1,757,781,299,000,809,558 is buzz, duck, even
1,757,781,299,000,809,559 is duck, odd
1,757,781,299,000,809,560 is duck, gapful, even
1,757,781,299,000,809,561 is duck, odd
1,757,781,299,000,809,562 is duck, even

Enter a request:> 0

?[1;31m
Start test 28?[0m
Welcome to Amazing Numbers!

Supported requests:
- enter a natural number to know its properties;
- enter two natural numbers to obtain the properties of the list:
  * the first parameter represents a starting number;
  * the second parameter shows how many consecutive numbers are to be processed;
- separate the parameters with one space;
- enter 0 to exit.

Enter a request:> 7866566526433951118 8

7,866,566,526,433,951,118 is even
7,866,566,526,433,951,119 is buzz, odd
7,866,566,526,433,951,120 is duck, even
7,866,566,526,433,951,121 is odd
7,866,566,526,433,951,122 is even
7,866,566,526,433,951,123 is odd
7,866,566,526,433,951,124 is even
7,866,566,526,433,951,125 is gapful, odd

Enter a request:> 0

]]></system-out>
  <system-err><![CDATA[]]></system-err>
</testsuite>
